<?xml version="1.0" encoding="UTF-8"?>
<!-- Generated by org.testng.reporters.JUnitReportReporter -->
<testsuite skipped="0" hostname="LAPTOP-T4DGVCL5" name="RestPractice.RestPractice.RESTAssuredJSONTests" tests="1" failures="0" timestamp="15 May 2020 19:51:15 GMT" time="3.282" errors="0">
  <testcase name="simple_get_test" time="3.282" classname="RestPractice.RestPractice.RESTAssuredJSONTests"/>
</testsuite> <!-- RestPractice.RestPractice.RESTAssuredJSONTests -->
