<?xml version="1.0" encoding="UTF-8"?>
<!-- Generated by org.testng.reporters.JUnitReportReporter -->
<testsuite skipped="0" hostname="LAPTOP-T4DGVCL5" name="RestPractice.RestPractice.RESTAssuredJSONTests" tests="1" failures="0" timestamp="28 May 2020 06:39:20 GMT" time="3.817" errors="0">
  <testcase name="simple_get_test" time="3.817" classname="RestPractice.RestPractice.RESTAssuredJSONTests"/>
</testsuite> <!-- RestPractice.RestPractice.RESTAssuredJSONTests -->
